<?xml version="1.0" encoding="UTF-8"?>
<!-- Generated by org.testng.reporters.JUnitReportReporter -->
<testsuite hostname="SURAJ-PC" failures="0" tests="15" name="com.AsianPaints.tests.TC_AsianPaints_Final" time="280.862" errors="0" timestamp="2025-07-30T23:37:24 IST" skipped="0">
  <testcase classname="com.AsianPaints.tests.TC_AsianPaints_Final" name="OpenBrowser" time="7.957"/>
  <testcase classname="com.AsianPaints.tests.TC_AsianPaints_Final" name="Check_Hover" time="11.624"/>
  <testcase classname="com.AsianPaints.tests.TC_AsianPaints_Final" name="Check_PaintSection" time="11.458"/>
  <testcase classname="com.AsianPaints.tests.TC_AsianPaints_Final" name="Calc_Budget_Paint_Int" time="11.618"/>
  <testcase classname="com.AsianPaints.tests.TC_AsianPaints_Final" name="Calc_Budget_Paint_Int" time="11.363"/>
  <testcase classname="com.AsianPaints.tests.TC_AsianPaints_Final" name="Calc_Budget_Paint_Int" time="13.330"/>
  <testcase classname="com.AsianPaints.tests.TC_AsianPaints_Final" name="Check_WaterProofingSection" time="9.449"/>
  <testcase classname="com.AsianPaints.tests.TC_AsianPaints_Final" name="Calc_Budget_WaterProofing" time="11.915"/>
  <testcase classname="com.AsianPaints.tests.TC_AsianPaints_Final" name="Calc_Budget_WaterProofing" time="15.053"/>
  <testcase classname="com.AsianPaints.tests.TC_AsianPaints_Final" name="Calc_Budget_WaterProofing" time="13.228"/>
  <testcase classname="com.AsianPaints.tests.TC_AsianPaints_Final" name="Check_FindContractor" time="11.190"/>
  <testcase classname="com.AsianPaints.tests.TC_AsianPaints_Final" name="FindContractorUsingPinCode" time="15.863"/>
  <testcase classname="com.AsianPaints.tests.TC_AsianPaints_Final" name="FindContractorUsingPinCode" time="13.690"/>
  <testcase classname="com.AsianPaints.tests.TC_AsianPaints_Final" name="testLogin" time="60.241"/>
  <testcase classname="com.AsianPaints.tests.TC_AsianPaints_Final" name="testLogout" time="62.883"/>
</testsuite> <!-- com.AsianPaints.tests.TC_AsianPaints_Final -->
