<?xml version="1.0" encoding="UTF-8"?>
<!-- Generated by org.testng.reporters.JUnitReportReporter -->
<testsuite hostname="SURAJ-PC" failures="0" tests="8" name="com.AsianPaints.tests.TC_AsianPaints" time="119.371" errors="0" timestamp="2025-07-26T23:53:19 IST" skipped="0">
  <testcase classname="com.AsianPaints.tests.TC_AsianPaints" name="Find_Contractor" time="12.612"/>
  <testcase classname="com.AsianPaints.tests.TC_AsianPaints" name="Find_Contractor" time="12.347"/>
  <testcase classname="com.AsianPaints.tests.TC_AsianPaints" name="Calc_Budget_Paint_Int" time="13.354"/>
  <testcase classname="com.AsianPaints.tests.TC_AsianPaints" name="Calc_WaterProofing" time="17.307"/>
  <testcase classname="com.AsianPaints.tests.TC_AsianPaints" name="Calc_Budget_Paint_Int" time="14.855"/>
  <testcase classname="com.AsianPaints.tests.TC_AsianPaints" name="Calc_WaterProofing" time="15.898"/>
  <testcase classname="com.AsianPaints.tests.TC_AsianPaints" name="Calc_WaterProofing" time="14.971"/>
  <testcase classname="com.AsianPaints.tests.TC_AsianPaints" name="Calc_Budget_Paint_Int" time="18.027"/>
</testsuite> <!-- com.AsianPaints.tests.TC_AsianPaints -->
