<?xml version="1.0" encoding="UTF-8"?>
<!-- Generated by org.testng.reporters.JUnitReportReporter -->
<testsuite hostname="SURAJ-PC" failures="0" tests="6" name="com.AsianPaints.tests.TC_AsianPaints2" time="77.958" errors="0" timestamp="2025-07-27T03:11:48 IST" skipped="0">
  <testcase classname="com.AsianPaints.tests.TC_AsianPaints2" name="OpenBrowser" time="9.053"/>
  <testcase classname="com.AsianPaints.tests.TC_AsianPaints2" name="Check_Hover" time="8.643"/>
  <testcase classname="com.AsianPaints.tests.TC_AsianPaints2" name="Check_PaintSection" time="11.314"/>
  <testcase classname="com.AsianPaints.tests.TC_AsianPaints2" name="Calc_Budget_Paint_Int" time="15.677"/>
  <testcase classname="com.AsianPaints.tests.TC_AsianPaints2" name="Calc_Budget_Paint_Int" time="15.846"/>
  <testcase classname="com.AsianPaints.tests.TC_AsianPaints2" name="Calc_Budget_Paint_Int" time="17.425"/>
</testsuite> <!-- com.AsianPaints.tests.TC_AsianPaints2 -->
