<?xml version="1.0" encoding="UTF-8"?>
<!-- Generated by org.testng.reporters.JUnitReportReporter -->
<testsuite hostname="SURAJ-PC" failures="0" tests="6" name="com.AsianPaints.tests.TC_2_WaterProofing" time="82.983" errors="0" timestamp="2025-07-27T20:16:34 IST" skipped="0">
  <testcase classname="com.AsianPaints.tests.TC_2_WaterProofing" name="OpenBrowser" time="9.401"/>
  <testcase classname="com.AsianPaints.tests.TC_2_WaterProofing" name="Check_Hover" time="8.588"/>
  <testcase classname="com.AsianPaints.tests.TC_2_WaterProofing" name="Check_WaterProofingSection" time="11.599"/>
  <testcase classname="com.AsianPaints.tests.TC_2_WaterProofing" name="Calc_Budget_Paint_Int" time="13.719"/>
  <testcase classname="com.AsianPaints.tests.TC_2_WaterProofing" name="Calc_Budget_Paint_Int" time="17.759"/>
  <testcase classname="com.AsianPaints.tests.TC_2_WaterProofing" name="Calc_Budget_Paint_Int" time="21.917"/>
</testsuite> <!-- com.AsianPaints.tests.TC_2_WaterProofing -->
