<?xml version="1.0" encoding="UTF-8"?>
<!-- Generated by org.testng.reporters.JUnitReportReporter -->
<testsuite hostname="SURAJ-PC" failures="0" tests="15" name="com.AsianPaints.tests.TC_AsianPaints_Final" time="296.615" errors="0" timestamp="2025-07-31T00:55:15 IST" skipped="0">
  <testcase classname="com.AsianPaints.tests.TC_AsianPaints_Final" name="OpenBrowser" time="8.957"/>
  <testcase classname="com.AsianPaints.tests.TC_AsianPaints_Final" name="Check_Hover" time="9.344"/>
  <testcase classname="com.AsianPaints.tests.TC_AsianPaints_Final" name="Check_PaintSection" time="10.618"/>
  <testcase classname="com.AsianPaints.tests.TC_AsianPaints_Final" name="Calc_Budget_Paint_Int" time="15.735"/>
  <testcase classname="com.AsianPaints.tests.TC_AsianPaints_Final" name="Calc_Budget_Paint_Int" time="13.430"/>
  <testcase classname="com.AsianPaints.tests.TC_AsianPaints_Final" name="Calc_Budget_Paint_Int" time="15.833"/>
  <testcase classname="com.AsianPaints.tests.TC_AsianPaints_Final" name="Check_WaterProofingSection" time="10.969"/>
  <testcase classname="com.AsianPaints.tests.TC_AsianPaints_Final" name="Calc_Budget_WaterProofing" time="13.518"/>
  <testcase classname="com.AsianPaints.tests.TC_AsianPaints_Final" name="Calc_Budget_WaterProofing" time="18.018"/>
  <testcase classname="com.AsianPaints.tests.TC_AsianPaints_Final" name="Calc_Budget_WaterProofing" time="9.506"/>
  <testcase classname="com.AsianPaints.tests.TC_AsianPaints_Final" name="Check_FindContractor" time="11.321"/>
  <testcase classname="com.AsianPaints.tests.TC_AsianPaints_Final" name="FindContractorUsingPinCode" time="13.873"/>
  <testcase classname="com.AsianPaints.tests.TC_AsianPaints_Final" name="FindContractorUsingPinCode" time="15.065"/>
  <testcase classname="com.AsianPaints.tests.TC_AsianPaints_Final" name="testLogin" time="67.861"/>
  <testcase classname="com.AsianPaints.tests.TC_AsianPaints_Final" name="testLogout" time="62.567"/>
</testsuite> <!-- com.AsianPaints.tests.TC_AsianPaints_Final -->
