<?xml version="1.0" encoding="UTF-8"?>
<!-- Generated by org.testng.reporters.JUnitReportReporter -->
<testsuite hostname="SURAJ-PC" failures="0" tests="8" name="com.AsianPaints.tests.TC_AsianPaints" time="142.576" errors="0" timestamp="2025-07-27T02:18:36 IST" skipped="0">
  <testcase classname="com.AsianPaints.tests.TC_AsianPaints" name="Calc_Budget_Paint_Int" time="20.149"/>
  <testcase classname="com.AsianPaints.tests.TC_AsianPaints" name="Calc_WaterProofing" time="20.234"/>
  <testcase classname="com.AsianPaints.tests.TC_AsianPaints" name="Calc_WaterProofing" time="18.682"/>
  <testcase classname="com.AsianPaints.tests.TC_AsianPaints" name="Find_Contractor" time="14.486"/>
  <testcase classname="com.AsianPaints.tests.TC_AsianPaints" name="Calc_Budget_Paint_Int" time="15.262"/>
  <testcase classname="com.AsianPaints.tests.TC_AsianPaints" name="Calc_Budget_Paint_Int" time="18.345"/>
  <testcase classname="com.AsianPaints.tests.TC_AsianPaints" name="Calc_WaterProofing" time="18.727"/>
  <testcase classname="com.AsianPaints.tests.TC_AsianPaints" name="Find_Contractor" time="16.691"/>
</testsuite> <!-- com.AsianPaints.tests.TC_AsianPaints -->
