<?xml version="1.0" encoding="UTF-8"?>
<!-- Generated by org.testng.reporters.JUnitReportReporter -->
<testsuite hostname="SURAJ-PC" failures="0" tests="8" name="com.AsianPaints.tests.TC_AsianPaints" time="118.742" errors="0" timestamp="2025-07-26T03:51:35 IST" skipped="0">
  <testcase classname="com.AsianPaints.tests.TC_AsianPaints" name="Calc_Budget_Paint_Int" time="12.463"/>
  <testcase classname="com.AsianPaints.tests.TC_AsianPaints" name="Calc_WaterProofing" time="17.542"/>
  <testcase classname="com.AsianPaints.tests.TC_AsianPaints" name="Find_Contractor" time="13.463"/>
  <testcase classname="com.AsianPaints.tests.TC_AsianPaints" name="Calc_WaterProofing" time="20.601"/>
  <testcase classname="com.AsianPaints.tests.TC_AsianPaints" name="Calc_Budget_Paint_Int" time="11.895"/>
  <testcase classname="com.AsianPaints.tests.TC_AsianPaints" name="Calc_Budget_Paint_Int" time="16.221"/>
  <testcase classname="com.AsianPaints.tests.TC_AsianPaints" name="Calc_WaterProofing" time="14.998"/>
  <testcase classname="com.AsianPaints.tests.TC_AsianPaints" name="Find_Contractor" time="11.559"/>
</testsuite> <!-- com.AsianPaints.tests.TC_AsianPaints -->
