<?xml version="1.0" encoding="UTF-8"?>
<!-- Generated by org.testng.reporters.JUnitReportReporter -->
<testsuite hostname="SURAJ-PC" failures="0" tests="6" name="com.AsianPaints.tests.TC_1_IntPaintBudget" time="105.963" errors="0" timestamp="2025-07-28T20:49:02 IST" skipped="0">
  <testcase classname="com.AsianPaints.tests.TC_1_IntPaintBudget" name="OpenBrowser" time="12.464"/>
  <testcase classname="com.AsianPaints.tests.TC_1_IntPaintBudget" name="Check_Hover" time="11.727"/>
  <testcase classname="com.AsianPaints.tests.TC_1_IntPaintBudget" name="Check_PaintSection" time="17.698"/>
  <testcase classname="com.AsianPaints.tests.TC_1_IntPaintBudget" name="Calc_Budget_Paint_Int" time="19.072"/>
  <testcase classname="com.AsianPaints.tests.TC_1_IntPaintBudget" name="Calc_Budget_Paint_Int" time="25.412"/>
  <testcase classname="com.AsianPaints.tests.TC_1_IntPaintBudget" name="Calc_Budget_Paint_Int" time="19.590"/>
</testsuite> <!-- com.AsianPaints.tests.TC_1_IntPaintBudget -->
