<?xml version="1.0" encoding="UTF-8"?>
<!-- Generated by org.testng.reporters.JUnitReportReporter -->
<testsuite hostname="SURAJ-PC" failures="0" tests="4" name="com.AsianPaints.tests.TC_3_FindContractor" time="42.869" errors="0" timestamp="2025-07-27T20:01:34 IST" skipped="0">
  <testcase classname="com.AsianPaints.tests.TC_3_FindContractor" name="OpenBrowser" time="7.041"/>
  <testcase classname="com.AsianPaints.tests.TC_3_FindContractor" name="Check_FindContractor" time="9.688"/>
  <testcase classname="com.AsianPaints.tests.TC_3_FindContractor" name="Calc_Budget_Paint_Int" time="12.296"/>
  <testcase classname="com.AsianPaints.tests.TC_3_FindContractor" name="Calc_Budget_Paint_Int" time="13.844"/>
</testsuite> <!-- com.AsianPaints.tests.TC_3_FindContractor -->
