<?xml version="1.0" encoding="UTF-8"?>
<!-- Generated by org.testng.reporters.JUnitReportReporter -->
<testsuite hostname="SURAJ-PC" failures="0" tests="13" name="com.AsianPaints.tests.TC_AsianPaints_Final" time="261.141" errors="0" timestamp="2025-07-28T22:30:53 IST" skipped="0">
  <testcase classname="com.AsianPaints.tests.TC_AsianPaints_Final" name="OpenBrowser" time="12.495"/>
  <testcase classname="com.AsianPaints.tests.TC_AsianPaints_Final" name="Check_Hover" time="8.595"/>
  <testcase classname="com.AsianPaints.tests.TC_AsianPaints_Final" name="Check_PaintSection" time="31.438"/>
  <testcase classname="com.AsianPaints.tests.TC_AsianPaints_Final" name="Calc_Budget_Paint_Int" time="42.148"/>
  <testcase classname="com.AsianPaints.tests.TC_AsianPaints_Final" name="Calc_Budget_Paint_Int" time="20.612"/>
  <testcase classname="com.AsianPaints.tests.TC_AsianPaints_Final" name="Calc_Budget_Paint_Int" time="29.277"/>
  <testcase classname="com.AsianPaints.tests.TC_AsianPaints_Final" name="Check_WaterProofingSection" time="15.152"/>
  <testcase classname="com.AsianPaints.tests.TC_AsianPaints_Final" name="Calc_Budget_WaterProofing" time="15.214"/>
  <testcase classname="com.AsianPaints.tests.TC_AsianPaints_Final" name="Calc_Budget_WaterProofing" time="17.845"/>
  <testcase classname="com.AsianPaints.tests.TC_AsianPaints_Final" name="Calc_Budget_WaterProofing" time="20.115"/>
  <testcase classname="com.AsianPaints.tests.TC_AsianPaints_Final" name="Check_FindContractor" time="10.777"/>
  <testcase classname="com.AsianPaints.tests.TC_AsianPaints_Final" name="FindContractorUsingPinCode" time="21.401"/>
  <testcase classname="com.AsianPaints.tests.TC_AsianPaints_Final" name="FindContractorUsingPinCode" time="16.072"/>
</testsuite> <!-- com.AsianPaints.tests.TC_AsianPaints_Final -->
